<col:collection xmlns="http://cnx.rice.edu/collxml" xmlns:col="http://cnx.rice.edu/collxml" xml:lang="en">
  <metadata xmlns:md="http://cnx.rice.edu/mdml" mdml-version="0.5">
    <md:content-id>col10407</md:content-id>
    <md:title>test math course</md:title>
    <md:language>en</md:language>
    <md:license url="http://creativecommons.org/licenses/by/2.0/">Creative Commons Attribution License</md:license>
    <md:uuid>4e9f9470-b95d-4c46-b256-ecf2da7285a8</md:uuid>
<md:slug>test-math-course</md:slug>
</metadata>
  <col:content>
    <col:module document="m14398"/>
    <col:module document="m14399"/>
  </col:content>
</col:collection>